Using pre-set license
Built from '2020.3/release' branch; Version is '2020.3.12f1 (b3b2c6512326) revision 11776710'; Using compiler version '192528614'; Build Type 'Release'
OS: 'Windows 10 Home; OS build 19042.1165; Version 2009; 64bit' Language: 'en' Physical Memory: 16263 MB
BatchMode: 1, IsHumanControllingUs: 0, StartBugReporterOnCrash: 0, Is64bit: 1, IsPro: 0

 COMMAND LINE ARGUMENTS:
C:\Program Files\Unity\Hub\Editor\2020.3.12f1\Editor\Unity.exe
-adb2
-batchMode
-noUpm
-name
AssetImportWorker0
-projectPath
D:/Snowball
-logFile
Logs/AssetImportWorker0.log
-srvPort
53607
Successfully changed project path to: D:/Snowball
D:/Snowball
Using Asset Import Pipeline V2.
Refreshing native plugins compatible for Editor in 137.14 ms, found 3 plugins.
Preloading 0 native plugins for Editor in 0.00 ms.
Initialize engine version: 2020.3.12f1 (b3b2c6512326)
[Subsystems] Discovering subsystems at path C:/Program Files/Unity/Hub/Editor/2020.3.12f1/Editor/Data/Resources/UnitySubsystems
[Subsystems] Discovering subsystems at path D:/Snowball/Assets
GfxDevice: creating device client; threaded=0
Direct3D:
    Version:  Direct3D 11.0 [level 11.1]
    Renderer: NVIDIA GeForce GTX 1060 (ID=0x1c20)
    Vendor:   
    VRAM:     6052 MB
    Driver:   27.21.14.6280
Initialize mono
Mono path[0] = 'C:/Program Files/Unity/Hub/Editor/2020.3.12f1/Editor/Data/Managed'
Mono path[1] = 'C:/Program Files/Unity/Hub/Editor/2020.3.12f1/Editor/Data/MonoBleedingEdge/lib/mono/unityjit'
Mono config path = 'C:/Program Files/Unity/Hub/Editor/2020.3.12f1/Editor/Data/MonoBleedingEdge/etc'
Using monoOptions --debugger-agent=transport=dt_socket,embedding=1,server=y,suspend=n,address=127.0.0.1:56620
Begin MonoManager ReloadAssembly
Registering precompiled unity dll's ...
Register platform support module: C:/Program Files/Unity/Hub/Editor/2020.3.12f1/Editor/Data/PlaybackEngines/WindowsStandaloneSupport/UnityEditor.WindowsStandalone.Extensions.dll
Registered in 0.002042 seconds.
Native extension for WindowsStandalone target not found
Refreshing native plugins compatible for Editor in 129.40 ms, found 3 plugins.
Preloading 0 native plugins for Editor in 0.00 ms.
Mono: successfully reloaded assembly
- Completed reload, in  2.018 seconds
Platform modules already initialized, skipping
Registering precompiled user dll's ...
Registered in 0.006048 seconds.
Begin MonoManager ReloadAssembly
Native extension for WindowsStandalone target not found
Refreshing native plugins compatible for Editor in 133.15 ms, found 3 plugins.
Preloading 0 native plugins for Editor in 0.00 ms.
Mono: successfully reloaded assembly
- Completed reload, in  1.490 seconds
Platform modules already initialized, skipping
========================================================================
Worker process is ready to serve import requests
Launched and connected shader compiler UnityShaderCompiler.exe after 0.04 seconds
Refreshing native plugins compatible for Editor in 1.56 ms, found 3 plugins.
Preloading 0 native plugins for Editor in 0.00 ms.
Unloading 3983 Unused Serialized files (Serialized files now loaded: 0)
System memory in use before: 182.4 MB.
System memory in use after: 182.5 MB.

Unloading 44 unused Assets to reduce memory usage. Loaded Objects now: 4455.
Total: 7.688600 ms (FindLiveObjects: 0.342800 ms CreateObjectMapping: 0.196700 ms MarkObjects: 6.933500 ms  DeleteObjects: 0.213800 ms)

AssetImportParameters requested are different than current active one (requested -> active):
  custom:framework-win-MediaFoundation: 216162199b28c13a410421893ffa2e32 -> 
  custom:video-decoder-ogg-theora: a1e56fd34408186e4bbccfd4996cb3dc -> 
  custom:container-muxer-webm: aa71ff27fc2769a1b78a27578f13a17b -> 
  custom:container-demuxer-webm: 4f35f7cbe854078d1ac9338744f61a02 -> 
  custom:container-demuxer-ogg: 62fdf1f143b41e24485cea50d1cbac27 -> 
  custom:video-encoder-webm-vp8: eb34c28f22e8b96e1ab97ce403110664 -> 
  custom:video-codec-MediaFoundation-h265: 746d11721c4dcdbdad8f713fa42b33f4 -> 
  custom:video-decoder-webm-vp8: 9c59270c3fd7afecdb556c50c9e8de78 -> 
  custom:audio-decoder-ogg-vorbis: bf7c407c2cedff20999df2af8eb42d56 -> 
  custom:audio-encoder-webm-vorbis: bf7c407c2cedff20999df2af8eb42d56 -> 
========================================================================
Received Import Request.
  path: Assets/Prefab/EnemyManager.prefab
  artifactKey: Guid(dbdb9ced27933c542b1e267fcf1138ae) Importer(815301076,1909f56bfc062723c751e8b465ee728b)
Start importing Assets/Prefab/EnemyManager.prefab using Guid(dbdb9ced27933c542b1e267fcf1138ae) Importer(815301076,1909f56bfc062723c751e8b465ee728b)  -> (artifact id: 'a240c5c1a3b5166cf975fd599c0b96a8') in 0.170484 seconds 
  Import took 0.178508 seconds .

========================================================================
Received Import Request.
  Time since last request: 0.000337 seconds.
  path: Assets/Prefab/Enemy.prefab
  artifactKey: Guid(8bb84a63041016b40a33fadf8e699dbd) Importer(815301076,1909f56bfc062723c751e8b465ee728b)
Start importing Assets/Prefab/Enemy.prefab using Guid(8bb84a63041016b40a33fadf8e699dbd) Importer(815301076,1909f56bfc062723c751e8b465ee728b)  -> (artifact id: '28aee00b37cd3102962a12da47d8cceb') in 0.034556 seconds 
  Import took 0.042029 seconds .

========================================================================
Received Import Request.
  Time since last request: 10.946092 seconds.
  path: Assets/Prefab/HUD.prefab
  artifactKey: Guid(07854d1feeed2f44a941ad73f5485765) Importer(815301076,1909f56bfc062723c751e8b465ee728b)
Start importing Assets/Prefab/HUD.prefab using Guid(07854d1feeed2f44a941ad73f5485765) Importer(815301076,1909f56bfc062723c751e8b465ee728b)  -> (artifact id: 'b2c6fa9745cf1a41987634331d0e6184') in 0.044364 seconds 
  Import took 0.053088 seconds .

========================================================================
Received Prepare
Registering precompiled user dll's ...
Registered in 0.006224 seconds.
Begin MonoManager ReloadAssembly
Native extension for WindowsStandalone target not found
Refreshing native plugins compatible for Editor in 1.94 ms, found 3 plugins.
Preloading 0 native plugins for Editor in 0.00 ms.
Mono: successfully reloaded assembly
- Completed reload, in  1.345 seconds
Platform modules already initialized, skipping
Refreshing native plugins compatible for Editor in 1.69 ms, found 3 plugins.
Preloading 0 native plugins for Editor in 0.00 ms.
Unloading 3957 Unused Serialized files (Serialized files now loaded: 0)
System memory in use before: 183.4 MB.
System memory in use after: 183.5 MB.

Unloading 35 unused Assets to reduce memory usage. Loaded Objects now: 4467.
Total: 6.436800 ms (FindLiveObjects: 0.316700 ms CreateObjectMapping: 0.181800 ms MarkObjects: 5.753300 ms  DeleteObjects: 0.183900 ms)

AssetImportParameters requested are different than current active one (requested -> active):
  custom:framework-win-MediaFoundation: 216162199b28c13a410421893ffa2e32 -> 
  custom:video-decoder-ogg-theora: a1e56fd34408186e4bbccfd4996cb3dc -> 
  custom:container-muxer-webm: aa71ff27fc2769a1b78a27578f13a17b -> 
  custom:container-demuxer-webm: 4f35f7cbe854078d1ac9338744f61a02 -> 
  custom:container-demuxer-ogg: 62fdf1f143b41e24485cea50d1cbac27 -> 
  custom:video-encoder-webm-vp8: eb34c28f22e8b96e1ab97ce403110664 -> 
  custom:video-codec-MediaFoundation-h265: 746d11721c4dcdbdad8f713fa42b33f4 -> 
  custom:video-decoder-webm-vp8: 9c59270c3fd7afecdb556c50c9e8de78 -> 
  custom:audio-decoder-ogg-vorbis: bf7c407c2cedff20999df2af8eb42d56 -> 
  custom:audio-encoder-webm-vorbis: bf7c407c2cedff20999df2af8eb42d56 -> 
========================================================================
Received Import Request.
  Time since last request: 210.402233 seconds.
  path: Assets/Prefab/HUD.prefab
  artifactKey: Guid(07854d1feeed2f44a941ad73f5485765) Importer(815301076,1909f56bfc062723c751e8b465ee728b)
Start importing Assets/Prefab/HUD.prefab using Guid(07854d1feeed2f44a941ad73f5485765) Importer(815301076,1909f56bfc062723c751e8b465ee728b)  -> (artifact id: 'ffaa70560a4d8195d53a0052b7ea564e') in 0.108967 seconds 
  Import took 0.118339 seconds .

========================================================================
Received Import Request.
  Time since last request: 42.542360 seconds.
  path: Assets/Prefab/HUD.prefab
  artifactKey: Guid(07854d1feeed2f44a941ad73f5485765) Importer(815301076,1909f56bfc062723c751e8b465ee728b)
Start importing Assets/Prefab/HUD.prefab using Guid(07854d1feeed2f44a941ad73f5485765) Importer(815301076,1909f56bfc062723c751e8b465ee728b)  -> (artifact id: '53435f3e2c3a71f83f68d214529e69b5') in 0.029628 seconds 
  Import took 0.037881 seconds .

========================================================================
Received Import Request.
  Time since last request: 9.246259 seconds.
  path: Assets/Prefab/HUD.prefab
  artifactKey: Guid(07854d1feeed2f44a941ad73f5485765) Importer(815301076,1909f56bfc062723c751e8b465ee728b)
Start importing Assets/Prefab/HUD.prefab using Guid(07854d1feeed2f44a941ad73f5485765) Importer(815301076,1909f56bfc062723c751e8b465ee728b)  -> (artifact id: '73ff8ed1648b08644ded6af394fb7266') in 0.031107 seconds 
  Import took 0.040418 seconds .

